<?xml version="1.0" encoding="UTF-8"?>
<!-- Generated by org.testng.reporters.JUnitXMLReporter -->
<testsuite ignored="0" hostname="Whitepearl" failures="0" tests="3" name="Default test" time="2.978" errors="0" timestamp="2022-08-24T10:07:12 EDT">
  <testcase classname="api.test.StoreTests" name="testPostStore" time="1.877"/>
  <testcase classname="api.test.StoreTests" name="testGetId" time="0.251"/>
  <testcase classname="api.test.StoreTests" name="testDeleteId" time="0.213"/>
</testsuite> <!-- Default test -->
