<?xml version="1.0" encoding="UTF-8"?>
<!-- Generated by org.testng.reporters.JUnitXMLReporter -->
<testsuite ignored="0" hostname="Whitepearl" failures="0" tests="6" name="Default test" time="4.175" errors="0" timestamp="2022-08-16T11:24:55 EDT">
  <testcase classname="api.test.DataDrivenTests" name="testPostUser" time="1.662"/>
  <testcase classname="api.test.DataDrivenTests" name="testPostUser" time="0.235"/>
  <testcase classname="api.test.DataDrivenTests" name="testPostUser" time="0.203"/>
  <testcase classname="api.test.DataDrivenTests" name="testDeleteUserByName" time="0.288"/>
  <testcase classname="api.test.DataDrivenTests" name="testDeleteUserByName" time="0.191"/>
  <testcase classname="api.test.DataDrivenTests" name="testDeleteUserByName" time="0.197"/>
</testsuite> <!-- Default test -->
