<?xml version="1.0" encoding="UTF-8"?>
<testng-results ignored="0" total="7" passed="7" failed="0" skipped="0">
  <reporter-output>
  </reporter-output>
  <suite started-at="2022-08-24T10:12:40 EDT" name="PetSuite" finished-at="2022-08-24T10:12:44 EDT" duration-ms="4934">
    <groups>
    </groups>
    <test started-at="2022-08-24T10:12:40 EDT" name="PetTests" finished-at="2022-08-24T10:12:44 EDT" duration-ms="4934">
      <class name="api.test.UserTests2">
        <test-method is-config="true" signature="SetupData()[pri:0, instance:api.test.UserTests2@6fdbe764]" started-at="2022-08-24T10:12:40 EDT" name="SetupData" finished-at="2022-08-24T10:12:40 EDT" duration-ms="759" status="PASS">
          <reporter-output>
          </reporter-output>
        </test-method> <!-- SetupData -->
        <test-method signature="testPostUser()[pri:1, instance:api.test.UserTests2@6fdbe764]" started-at="2022-08-24T10:12:40 EDT" name="testPostUser" finished-at="2022-08-24T10:12:43 EDT" duration-ms="2317" status="PASS">
          <reporter-output>
          </reporter-output>
        </test-method> <!-- testPostUser -->
        <test-method signature="testGetUser()[pri:2, instance:api.test.UserTests2@6fdbe764]" started-at="2022-08-24T10:12:43 EDT" name="testGetUser" finished-at="2022-08-24T10:12:43 EDT" duration-ms="262" status="PASS">
          <reporter-output>
          </reporter-output>
        </test-method> <!-- testGetUser -->
        <test-method signature="testUpdateUserByName()[pri:3, instance:api.test.UserTests2@6fdbe764]" started-at="2022-08-24T10:12:43 EDT" name="testUpdateUserByName" finished-at="2022-08-24T10:12:44 EDT" duration-ms="480" status="PASS">
          <reporter-output>
          </reporter-output>
        </test-method> <!-- testUpdateUserByName -->
        <test-method signature="testDeleteUserBYName()[pri:4, instance:api.test.UserTests2@6fdbe764]" started-at="2022-08-24T10:12:44 EDT" name="testDeleteUserBYName" finished-at="2022-08-24T10:12:44 EDT" duration-ms="194" status="PASS">
          <reporter-output>
          </reporter-output>
        </test-method> <!-- testDeleteUserBYName -->
      </class> <!-- api.test.UserTests2 -->
      <class name="api.test.StoreTests">
        <test-method is-config="true" signature="SetupData()[pri:0, instance:api.test.StoreTests@5824a83d]" started-at="2022-08-24T10:12:44 EDT" name="SetupData" finished-at="2022-08-24T10:12:44 EDT" duration-ms="2" status="PASS">
          <reporter-output>
          </reporter-output>
        </test-method> <!-- SetupData -->
        <test-method signature="testPostStore()[pri:1, instance:api.test.StoreTests@5824a83d]" started-at="2022-08-24T10:12:44 EDT" name="testPostStore" finished-at="2022-08-24T10:12:44 EDT" duration-ms="208" status="PASS">
          <reporter-output>
          </reporter-output>
        </test-method> <!-- testPostStore -->
        <test-method signature="testGetId()[pri:2, instance:api.test.StoreTests@5824a83d]" started-at="2022-08-24T10:12:44 EDT" name="testGetId" finished-at="2022-08-24T10:12:44 EDT" duration-ms="187" status="PASS">
          <reporter-output>
          </reporter-output>
        </test-method> <!-- testGetId -->
        <test-method signature="testDeleteId()[pri:3, instance:api.test.StoreTests@5824a83d]" started-at="2022-08-24T10:12:44 EDT" name="testDeleteId" finished-at="2022-08-24T10:12:44 EDT" duration-ms="262" status="PASS">
          <reporter-output>
          </reporter-output>
        </test-method> <!-- testDeleteId -->
      </class> <!-- api.test.StoreTests -->
    </test> <!-- PetTests -->
  </suite> <!-- PetSuite -->
</testng-results>
