<?xml version="1.0" encoding="UTF-8"?>
<testng-results ignored="0" total="4" passed="4" failed="0" skipped="0">
  <reporter-output>
  </reporter-output>
  <suite started-at="2022-08-19T10:30:26 EDT" name="PetSuite" finished-at="2022-08-19T10:30:31 EDT" duration-ms="5105">
    <groups>
    </groups>
    <test started-at="2022-08-19T10:30:26 EDT" name="PetTests" finished-at="2022-08-19T10:30:31 EDT" duration-ms="5105">
      <class name="api.test.UserTests2">
        <test-method is-config="true" signature="SetupData()[pri:0, instance:api.test.UserTests2@2e3967ea]" started-at="2022-08-19T10:30:26 EDT" name="SetupData" finished-at="2022-08-19T10:30:27 EDT" duration-ms="843" status="PASS">
          <reporter-output>
          </reporter-output>
        </test-method> <!-- SetupData -->
        <test-method signature="testPostUser()[pri:1, instance:api.test.UserTests2@2e3967ea]" started-at="2022-08-19T10:30:27 EDT" name="testPostUser" finished-at="2022-08-19T10:30:30 EDT" duration-ms="2846" status="PASS">
          <reporter-output>
          </reporter-output>
        </test-method> <!-- testPostUser -->
        <test-method signature="testGetUser()[pri:2, instance:api.test.UserTests2@2e3967ea]" started-at="2022-08-19T10:30:30 EDT" name="testGetUser" finished-at="2022-08-19T10:30:30 EDT" duration-ms="325" status="PASS">
          <reporter-output>
          </reporter-output>
        </test-method> <!-- testGetUser -->
        <test-method signature="testUpdateUserByName()[pri:3, instance:api.test.UserTests2@2e3967ea]" started-at="2022-08-19T10:30:30 EDT" name="testUpdateUserByName" finished-at="2022-08-19T10:30:31 EDT" duration-ms="510" status="PASS">
          <reporter-output>
          </reporter-output>
        </test-method> <!-- testUpdateUserByName -->
        <test-method signature="testDeleteUserBYName()[pri:4, instance:api.test.UserTests2@2e3967ea]" started-at="2022-08-19T10:30:31 EDT" name="testDeleteUserBYName" finished-at="2022-08-19T10:30:31 EDT" duration-ms="213" status="PASS">
          <reporter-output>
          </reporter-output>
        </test-method> <!-- testDeleteUserBYName -->
      </class> <!-- api.test.UserTests2 -->
    </test> <!-- PetTests -->
  </suite> <!-- PetSuite -->
</testng-results>
