<?xml version="1.0" encoding="UTF-8"?>
<!-- Generated by org.testng.reporters.JUnitXMLReporter -->
<testsuite ignored="0" hostname="Whitepearl" failures="0" tests="4" name="PetTests" time="5.105" errors="0" timestamp="2022-08-19T10:30:32 EDT">
  <testcase classname="api.test.UserTests2" name="testPostUser" time="2.846"/>
  <testcase classname="api.test.UserTests2" name="testGetUser" time="0.325"/>
  <testcase classname="api.test.UserTests2" name="testUpdateUserByName" time="0.51"/>
  <testcase classname="api.test.UserTests2" name="testDeleteUserBYName" time="0.213"/>
</testsuite> <!-- PetTests -->
