<?xml version="1.0" encoding="UTF-8"?>
<!-- Generated by org.testng.reporters.JUnitXMLReporter -->
<testsuite ignored="0" hostname="Whitepearl" failures="0" tests="7" name="PetTests" time="4.934" errors="0" timestamp="2022-08-24T10:12:45 EDT">
  <testcase classname="api.test.UserTests2" name="testPostUser" time="2.317"/>
  <testcase classname="api.test.UserTests2" name="testGetUser" time="0.262"/>
  <testcase classname="api.test.UserTests2" name="testUpdateUserByName" time="0.48"/>
  <testcase classname="api.test.UserTests2" name="testDeleteUserBYName" time="0.194"/>
  <testcase classname="api.test.StoreTests" name="testPostStore" time="0.208"/>
  <testcase classname="api.test.StoreTests" name="testGetId" time="0.187"/>
  <testcase classname="api.test.StoreTests" name="testDeleteId" time="0.262"/>
</testsuite> <!-- PetTests -->
