<?xml version="1.0" encoding="UTF-8"?>
<!-- Generated by org.testng.reporters.JUnitXMLReporter -->
<testsuite ignored="0" hostname="Whitepearl" failures="0" tests="7" name="PetTests" time="4.379" errors="0" timestamp="2022-08-24T10:08:39 EDT">
  <testcase classname="api.test.UserTests2" name="testPostUser" time="1.777"/>
  <testcase classname="api.test.UserTests2" name="testGetUser" time="0.24"/>
  <testcase classname="api.test.UserTests2" name="testUpdateUserByName" time="0.449"/>
  <testcase classname="api.test.UserTests2" name="testDeleteUserBYName" time="0.206"/>
  <testcase classname="api.test.StoreTests" name="testPostStore" time="0.195"/>
  <testcase classname="api.test.StoreTests" name="testGetId" time="0.221"/>
  <testcase classname="api.test.StoreTests" name="testDeleteId" time="0.212"/>
</testsuite> <!-- PetTests -->
