<?xml version="1.0" encoding="UTF-8"?>
<!-- Generated by org.testng.reporters.JUnitXMLReporter -->
<testsuite ignored="0" hostname="Whitepearl" failures="0" tests="4" name="PetTests" time="4.648" errors="0" timestamp="2022-08-17T14:26:58 EDT">
  <testcase classname="api.test.UserTests2" name="testPostUser" time="2.501"/>
  <testcase classname="api.test.UserTests2" name="testGetUser" time="0.251"/>
  <testcase classname="api.test.UserTests2" name="testUpdateUserByName" time="0.495"/>
  <testcase classname="api.test.UserTests2" name="testDeleteUserBYName" time="0.188"/>
</testsuite> <!-- PetTests -->
